2020-07-23 22:03:29  [ main:0 ] - [ DEBUG ]  Logging initialized using 'class org.apache.ibatis.logging.log4j.Log4jImpl' adapter.
2020-07-23 22:03:29  [ main:0 ] - [ DEBUG ]  Logging initialized using 'class org.apache.ibatis.logging.log4j.Log4jImpl' adapter.
### 配置输出到文件，且大小到达指定尺寸的时候产生一个新的文件 ###log4j.appender.ROLLING_FILE=org.apache.log4j.RollingFileAppender log4j.appender.ROLLING_FILE.Threshold=ERROR log4j.appender.ROLLING_FILE.File=rolling.log log4j.appender.ROLLING_FILE.Append=true log4j.appender.ROLLING_FILE.MaxFileSize=10KB log4j.appender.ROLLING_FILE.MaxBackupIndex=1 log4j.appender.ROLLING_FILE.layout=org.apache.log4j.PatternLayout log4j.appender.ROLLING_FILE.layout.ConversionPattern=[framework] 2020-07-23 22:03:29,785 - org.apache.ibatis.logging.LogFactory -0    [main] DEBUG org.apache.ibatis.logging.LogFactory  - Logging initialized using 'class org.apache.ibatis.logging.log4j.Log4jImpl' adapter.
2020-07-23 22:03:29  [ main:3 ] - [ DEBUG ]  Logging initialized using 'class org.apache.ibatis.logging.log4j.Log4jImpl' adapter.
2020-07-23 22:03:29  [ main:3 ] - [ DEBUG ]  Logging initialized using 'class org.apache.ibatis.logging.log4j.Log4jImpl' adapter.
### 配置输出到文件，且大小到达指定尺寸的时候产生一个新的文件 ###log4j.appender.ROLLING_FILE=org.apache.log4j.RollingFileAppender log4j.appender.ROLLING_FILE.Threshold=ERROR log4j.appender.ROLLING_FILE.File=rolling.log log4j.appender.ROLLING_FILE.Append=true log4j.appender.ROLLING_FILE.MaxFileSize=10KB log4j.appender.ROLLING_FILE.MaxBackupIndex=1 log4j.appender.ROLLING_FILE.layout=org.apache.log4j.PatternLayout log4j.appender.ROLLING_FILE.layout.ConversionPattern=[framework] 2020-07-23 22:03:29,788 - org.apache.ibatis.logging.LogFactory -3    [main] DEBUG org.apache.ibatis.logging.LogFactory  - Logging initialized using 'class org.apache.ibatis.logging.log4j.Log4jImpl' adapter.
2020-07-23 22:03:29  [ main:29 ] - [ DEBUG ]  PooledDataSource forcefully closed/removed all connections.
2020-07-23 22:03:29  [ main:29 ] - [ DEBUG ]  PooledDataSource forcefully closed/removed all connections.
### 配置输出到文件，且大小到达指定尺寸的时候产生一个新的文件 ###log4j.appender.ROLLING_FILE=org.apache.log4j.RollingFileAppender log4j.appender.ROLLING_FILE.Threshold=ERROR log4j.appender.ROLLING_FILE.File=rolling.log log4j.appender.ROLLING_FILE.Append=true log4j.appender.ROLLING_FILE.MaxFileSize=10KB log4j.appender.ROLLING_FILE.MaxBackupIndex=1 log4j.appender.ROLLING_FILE.layout=org.apache.log4j.PatternLayout log4j.appender.ROLLING_FILE.layout.ConversionPattern=[framework] 2020-07-23 22:03:29,814 - org.apache.ibatis.datasource.pooled.PooledDataSource -29   [main] DEBUG org.apache.ibatis.datasource.pooled.PooledDataSource  - PooledDataSource forcefully closed/removed all connections.
2020-07-23 22:03:29  [ main:30 ] - [ DEBUG ]  PooledDataSource forcefully closed/removed all connections.
2020-07-23 22:03:29  [ main:30 ] - [ DEBUG ]  PooledDataSource forcefully closed/removed all connections.
### 配置输出到文件，且大小到达指定尺寸的时候产生一个新的文件 ###log4j.appender.ROLLING_FILE=org.apache.log4j.RollingFileAppender log4j.appender.ROLLING_FILE.Threshold=ERROR log4j.appender.ROLLING_FILE.File=rolling.log log4j.appender.ROLLING_FILE.Append=true log4j.appender.ROLLING_FILE.MaxFileSize=10KB log4j.appender.ROLLING_FILE.MaxBackupIndex=1 log4j.appender.ROLLING_FILE.layout=org.apache.log4j.PatternLayout log4j.appender.ROLLING_FILE.layout.ConversionPattern=[framework] 2020-07-23 22:03:29,815 - org.apache.ibatis.datasource.pooled.PooledDataSource -30   [main] DEBUG org.apache.ibatis.datasource.pooled.PooledDataSource  - PooledDataSource forcefully closed/removed all connections.
2020-07-23 22:03:29  [ main:30 ] - [ DEBUG ]  PooledDataSource forcefully closed/removed all connections.
2020-07-23 22:03:29  [ main:30 ] - [ DEBUG ]  PooledDataSource forcefully closed/removed all connections.
### 配置输出到文件，且大小到达指定尺寸的时候产生一个新的文件 ###log4j.appender.ROLLING_FILE=org.apache.log4j.RollingFileAppender log4j.appender.ROLLING_FILE.Threshold=ERROR log4j.appender.ROLLING_FILE.File=rolling.log log4j.appender.ROLLING_FILE.Append=true log4j.appender.ROLLING_FILE.MaxFileSize=10KB log4j.appender.ROLLING_FILE.MaxBackupIndex=1 log4j.appender.ROLLING_FILE.layout=org.apache.log4j.PatternLayout log4j.appender.ROLLING_FILE.layout.ConversionPattern=[framework] 2020-07-23 22:03:29,815 - org.apache.ibatis.datasource.pooled.PooledDataSource -30   [main] DEBUG org.apache.ibatis.datasource.pooled.PooledDataSource  - PooledDataSource forcefully closed/removed all connections.
2020-07-23 22:03:29  [ main:30 ] - [ DEBUG ]  PooledDataSource forcefully closed/removed all connections.
2020-07-23 22:03:29  [ main:30 ] - [ DEBUG ]  PooledDataSource forcefully closed/removed all connections.
### 配置输出到文件，且大小到达指定尺寸的时候产生一个新的文件 ###log4j.appender.ROLLING_FILE=org.apache.log4j.RollingFileAppender log4j.appender.ROLLING_FILE.Threshold=ERROR log4j.appender.ROLLING_FILE.File=rolling.log log4j.appender.ROLLING_FILE.Append=true log4j.appender.ROLLING_FILE.MaxFileSize=10KB log4j.appender.ROLLING_FILE.MaxBackupIndex=1 log4j.appender.ROLLING_FILE.layout=org.apache.log4j.PatternLayout log4j.appender.ROLLING_FILE.layout.ConversionPattern=[framework] 2020-07-23 22:03:29,815 - org.apache.ibatis.datasource.pooled.PooledDataSource -30   [main] DEBUG org.apache.ibatis.datasource.pooled.PooledDataSource  - PooledDataSource forcefully closed/removed all connections.
2020-07-23 22:03:29  [ main:104 ] - [ DEBUG ]  Opening JDBC Connection
2020-07-23 22:03:29  [ main:104 ] - [ DEBUG ]  Opening JDBC Connection
### 配置输出到文件，且大小到达指定尺寸的时候产生一个新的文件 ###log4j.appender.ROLLING_FILE=org.apache.log4j.RollingFileAppender log4j.appender.ROLLING_FILE.Threshold=ERROR log4j.appender.ROLLING_FILE.File=rolling.log log4j.appender.ROLLING_FILE.Append=true log4j.appender.ROLLING_FILE.MaxFileSize=10KB log4j.appender.ROLLING_FILE.MaxBackupIndex=1 log4j.appender.ROLLING_FILE.layout=org.apache.log4j.PatternLayout log4j.appender.ROLLING_FILE.layout.ConversionPattern=[framework] 2020-07-23 22:03:29,889 - org.apache.ibatis.transaction.jdbc.JdbcTransaction -104  [main] DEBUG org.apache.ibatis.transaction.jdbc.JdbcTransaction  - Opening JDBC Connection
2020-07-23 22:03:30  [ main:734 ] - [ DEBUG ]  Created connection 22600334.
2020-07-23 22:03:30  [ main:734 ] - [ DEBUG ]  Created connection 22600334.
### 配置输出到文件，且大小到达指定尺寸的时候产生一个新的文件 ###log4j.appender.ROLLING_FILE=org.apache.log4j.RollingFileAppender log4j.appender.ROLLING_FILE.Threshold=ERROR log4j.appender.ROLLING_FILE.File=rolling.log log4j.appender.ROLLING_FILE.Append=true log4j.appender.ROLLING_FILE.MaxFileSize=10KB log4j.appender.ROLLING_FILE.MaxBackupIndex=1 log4j.appender.ROLLING_FILE.layout=org.apache.log4j.PatternLayout log4j.appender.ROLLING_FILE.layout.ConversionPattern=[framework] 2020-07-23 22:03:30,519 - org.apache.ibatis.datasource.pooled.PooledDataSource -734  [main] DEBUG org.apache.ibatis.datasource.pooled.PooledDataSource  - Created connection 22600334.
2020-07-23 22:03:30  [ main:734 ] - [ DEBUG ]  Setting autocommit to false on JDBC Connection [com.mysql.jdbc.JDBC4Connection@158da8e]
2020-07-23 22:03:30  [ main:734 ] - [ DEBUG ]  Setting autocommit to false on JDBC Connection [com.mysql.jdbc.JDBC4Connection@158da8e]
### 配置输出到文件，且大小到达指定尺寸的时候产生一个新的文件 ###log4j.appender.ROLLING_FILE=org.apache.log4j.RollingFileAppender log4j.appender.ROLLING_FILE.Threshold=ERROR log4j.appender.ROLLING_FILE.File=rolling.log log4j.appender.ROLLING_FILE.Append=true log4j.appender.ROLLING_FILE.MaxFileSize=10KB log4j.appender.ROLLING_FILE.MaxBackupIndex=1 log4j.appender.ROLLING_FILE.layout=org.apache.log4j.PatternLayout log4j.appender.ROLLING_FILE.layout.ConversionPattern=[framework] 2020-07-23 22:03:30,519 - org.apache.ibatis.transaction.jdbc.JdbcTransaction -734  [main] DEBUG org.apache.ibatis.transaction.jdbc.JdbcTransaction  - Setting autocommit to false on JDBC Connection [com.mysql.jdbc.JDBC4Connection@158da8e]
2020-07-23 22:03:30  [ main:741 ] - [ DEBUG ]  ==>  Preparing: select * from user where id = ? 
2020-07-23 22:03:30  [ main:741 ] - [ DEBUG ]  ==>  Preparing: select * from user where id = ? 
### 配置输出到文件，且大小到达指定尺寸的时候产生一个新的文件 ###log4j.appender.ROLLING_FILE=org.apache.log4j.RollingFileAppender log4j.appender.ROLLING_FILE.Threshold=ERROR log4j.appender.ROLLING_FILE.File=rolling.log log4j.appender.ROLLING_FILE.Append=true log4j.appender.ROLLING_FILE.MaxFileSize=10KB log4j.appender.ROLLING_FILE.MaxBackupIndex=1 log4j.appender.ROLLING_FILE.layout=org.apache.log4j.PatternLayout log4j.appender.ROLLING_FILE.layout.ConversionPattern=[framework] 2020-07-23 22:03:30,526 - com.kuang.dao.UserMapper.getUserById -741  [main] DEBUG com.kuang.dao.UserMapper.getUserById  - ==>  Preparing: select * from user where id = ? 
2020-07-23 22:03:30  [ main:770 ] - [ DEBUG ]  ==> Parameters: 1(Integer)
2020-07-23 22:03:30  [ main:770 ] - [ DEBUG ]  ==> Parameters: 1(Integer)
### 配置输出到文件，且大小到达指定尺寸的时候产生一个新的文件 ###log4j.appender.ROLLING_FILE=org.apache.log4j.RollingFileAppender log4j.appender.ROLLING_FILE.Threshold=ERROR log4j.appender.ROLLING_FILE.File=rolling.log log4j.appender.ROLLING_FILE.Append=true log4j.appender.ROLLING_FILE.MaxFileSize=10KB log4j.appender.ROLLING_FILE.MaxBackupIndex=1 log4j.appender.ROLLING_FILE.layout=org.apache.log4j.PatternLayout log4j.appender.ROLLING_FILE.layout.ConversionPattern=[framework] 2020-07-23 22:03:30,555 - com.kuang.dao.UserMapper.getUserById -770  [main] DEBUG com.kuang.dao.UserMapper.getUserById  - ==> Parameters: 1(Integer)
2020-07-23 22:03:30  [ main:788 ] - [ DEBUG ]  <==      Total: 1
2020-07-23 22:03:30  [ main:788 ] - [ DEBUG ]  <==      Total: 1
### 配置输出到文件，且大小到达指定尺寸的时候产生一个新的文件 ###log4j.appender.ROLLING_FILE=org.apache.log4j.RollingFileAppender log4j.appender.ROLLING_FILE.Threshold=ERROR log4j.appender.ROLLING_FILE.File=rolling.log log4j.appender.ROLLING_FILE.Append=true log4j.appender.ROLLING_FILE.MaxFileSize=10KB log4j.appender.ROLLING_FILE.MaxBackupIndex=1 log4j.appender.ROLLING_FILE.layout=org.apache.log4j.PatternLayout log4j.appender.ROLLING_FILE.layout.ConversionPattern=[framework] 2020-07-23 22:03:30,573 - com.kuang.dao.UserMapper.getUserById -788  [main] DEBUG com.kuang.dao.UserMapper.getUserById  - <==      Total: 1
2020-07-23 22:03:30  [ main:788 ] - [ DEBUG ]  Resetting autocommit to true on JDBC Connection [com.mysql.jdbc.JDBC4Connection@158da8e]
2020-07-23 22:03:30  [ main:788 ] - [ DEBUG ]  Resetting autocommit to true on JDBC Connection [com.mysql.jdbc.JDBC4Connection@158da8e]
### 配置输出到文件，且大小到达指定尺寸的时候产生一个新的文件 ###log4j.appender.ROLLING_FILE=org.apache.log4j.RollingFileAppender log4j.appender.ROLLING_FILE.Threshold=ERROR log4j.appender.ROLLING_FILE.File=rolling.log log4j.appender.ROLLING_FILE.Append=true log4j.appender.ROLLING_FILE.MaxFileSize=10KB log4j.appender.ROLLING_FILE.MaxBackupIndex=1 log4j.appender.ROLLING_FILE.layout=org.apache.log4j.PatternLayout log4j.appender.ROLLING_FILE.layout.ConversionPattern=[framework] 2020-07-23 22:03:30,573 - org.apache.ibatis.transaction.jdbc.JdbcTransaction -788  [main] DEBUG org.apache.ibatis.transaction.jdbc.JdbcTransaction  - Resetting autocommit to true on JDBC Connection [com.mysql.jdbc.JDBC4Connection@158da8e]
2020-07-23 22:03:30  [ main:791 ] - [ DEBUG ]  Closing JDBC Connection [com.mysql.jdbc.JDBC4Connection@158da8e]
2020-07-23 22:03:30  [ main:791 ] - [ DEBUG ]  Closing JDBC Connection [com.mysql.jdbc.JDBC4Connection@158da8e]
### 配置输出到文件，且大小到达指定尺寸的时候产生一个新的文件 ###log4j.appender.ROLLING_FILE=org.apache.log4j.RollingFileAppender log4j.appender.ROLLING_FILE.Threshold=ERROR log4j.appender.ROLLING_FILE.File=rolling.log log4j.appender.ROLLING_FILE.Append=true log4j.appender.ROLLING_FILE.MaxFileSize=10KB log4j.appender.ROLLING_FILE.MaxBackupIndex=1 log4j.appender.ROLLING_FILE.layout=org.apache.log4j.PatternLayout log4j.appender.ROLLING_FILE.layout.ConversionPattern=[framework] 2020-07-23 22:03:30,576 - org.apache.ibatis.transaction.jdbc.JdbcTransaction -791  [main] DEBUG org.apache.ibatis.transaction.jdbc.JdbcTransaction  - Closing JDBC Connection [com.mysql.jdbc.JDBC4Connection@158da8e]
2020-07-23 22:03:30  [ main:792 ] - [ DEBUG ]  Returned connection 22600334 to pool.
2020-07-23 22:03:30  [ main:792 ] - [ DEBUG ]  Returned connection 22600334 to pool.
### 配置输出到文件，且大小到达指定尺寸的时候产生一个新的文件 ###log4j.appender.ROLLING_FILE=org.apache.log4j.RollingFileAppender log4j.appender.ROLLING_FILE.Threshold=ERROR log4j.appender.ROLLING_FILE.File=rolling.log log4j.appender.ROLLING_FILE.Append=true log4j.appender.ROLLING_FILE.MaxFileSize=10KB log4j.appender.ROLLING_FILE.MaxBackupIndex=1 log4j.appender.ROLLING_FILE.layout=org.apache.log4j.PatternLayout log4j.appender.ROLLING_FILE.layout.ConversionPattern=[framework] 2020-07-23 22:03:30,577 - org.apache.ibatis.datasource.pooled.PooledDataSource -792  [main] DEBUG org.apache.ibatis.datasource.pooled.PooledDataSource  - Returned connection 22600334 to pool.
2020-07-23 22:05:06  [ main:0 ] - [ DEBUG ]  Logging initialized using 'class org.apache.ibatis.logging.log4j.Log4jImpl' adapter.
2020-07-23 22:05:06  [ main:0 ] - [ DEBUG ]  Logging initialized using 'class org.apache.ibatis.logging.log4j.Log4jImpl' adapter.
### 配置输出到文件，且大小到达指定尺寸的时候产生一个新的文件 ###log4j.appender.ROLLING_FILE=org.apache.log4j.RollingFileAppender log4j.appender.ROLLING_FILE.Threshold=ERROR log4j.appender.ROLLING_FILE.File=rolling.log log4j.appender.ROLLING_FILE.Append=true log4j.appender.ROLLING_FILE.MaxFileSize=10KB log4j.appender.ROLLING_FILE.MaxBackupIndex=1 log4j.appender.ROLLING_FILE.layout=org.apache.log4j.PatternLayout log4j.appender.ROLLING_FILE.layout.ConversionPattern=[framework] 2020-07-23 22:05:06,387 - org.apache.ibatis.logging.LogFactory -0    [main] DEBUG org.apache.ibatis.logging.LogFactory  - Logging initialized using 'class org.apache.ibatis.logging.log4j.Log4jImpl' adapter.
2020-07-23 22:05:06  [ main:2 ] - [ DEBUG ]  Logging initialized using 'class org.apache.ibatis.logging.log4j.Log4jImpl' adapter.
2020-07-23 22:05:06  [ main:2 ] - [ DEBUG ]  Logging initialized using 'class org.apache.ibatis.logging.log4j.Log4jImpl' adapter.
### 配置输出到文件，且大小到达指定尺寸的时候产生一个新的文件 ###log4j.appender.ROLLING_FILE=org.apache.log4j.RollingFileAppender log4j.appender.ROLLING_FILE.Threshold=ERROR log4j.appender.ROLLING_FILE.File=rolling.log log4j.appender.ROLLING_FILE.Append=true log4j.appender.ROLLING_FILE.MaxFileSize=10KB log4j.appender.ROLLING_FILE.MaxBackupIndex=1 log4j.appender.ROLLING_FILE.layout=org.apache.log4j.PatternLayout log4j.appender.ROLLING_FILE.layout.ConversionPattern=[framework] 2020-07-23 22:05:06,389 - org.apache.ibatis.logging.LogFactory -2    [main] DEBUG org.apache.ibatis.logging.LogFactory  - Logging initialized using 'class org.apache.ibatis.logging.log4j.Log4jImpl' adapter.
2020-07-23 22:05:06  [ main:19 ] - [ DEBUG ]  PooledDataSource forcefully closed/removed all connections.
2020-07-23 22:05:06  [ main:19 ] - [ DEBUG ]  PooledDataSource forcefully closed/removed all connections.
### 配置输出到文件，且大小到达指定尺寸的时候产生一个新的文件 ###log4j.appender.ROLLING_FILE=org.apache.log4j.RollingFileAppender log4j.appender.ROLLING_FILE.Threshold=ERROR log4j.appender.ROLLING_FILE.File=rolling.log log4j.appender.ROLLING_FILE.Append=true log4j.appender.ROLLING_FILE.MaxFileSize=10KB log4j.appender.ROLLING_FILE.MaxBackupIndex=1 log4j.appender.ROLLING_FILE.layout=org.apache.log4j.PatternLayout log4j.appender.ROLLING_FILE.layout.ConversionPattern=[framework] 2020-07-23 22:05:06,406 - org.apache.ibatis.datasource.pooled.PooledDataSource -19   [main] DEBUG org.apache.ibatis.datasource.pooled.PooledDataSource  - PooledDataSource forcefully closed/removed all connections.
2020-07-23 22:05:06  [ main:19 ] - [ DEBUG ]  PooledDataSource forcefully closed/removed all connections.
2020-07-23 22:05:06  [ main:19 ] - [ DEBUG ]  PooledDataSource forcefully closed/removed all connections.
### 配置输出到文件，且大小到达指定尺寸的时候产生一个新的文件 ###log4j.appender.ROLLING_FILE=org.apache.log4j.RollingFileAppender log4j.appender.ROLLING_FILE.Threshold=ERROR log4j.appender.ROLLING_FILE.File=rolling.log log4j.appender.ROLLING_FILE.Append=true log4j.appender.ROLLING_FILE.MaxFileSize=10KB log4j.appender.ROLLING_FILE.MaxBackupIndex=1 log4j.appender.ROLLING_FILE.layout=org.apache.log4j.PatternLayout log4j.appender.ROLLING_FILE.layout.ConversionPattern=[framework] 2020-07-23 22:05:06,406 - org.apache.ibatis.datasource.pooled.PooledDataSource -19   [main] DEBUG org.apache.ibatis.datasource.pooled.PooledDataSource  - PooledDataSource forcefully closed/removed all connections.
2020-07-23 22:05:06  [ main:19 ] - [ DEBUG ]  PooledDataSource forcefully closed/removed all connections.
2020-07-23 22:05:06  [ main:19 ] - [ DEBUG ]  PooledDataSource forcefully closed/removed all connections.
### 配置输出到文件，且大小到达指定尺寸的时候产生一个新的文件 ###log4j.appender.ROLLING_FILE=org.apache.log4j.RollingFileAppender log4j.appender.ROLLING_FILE.Threshold=ERROR log4j.appender.ROLLING_FILE.File=rolling.log log4j.appender.ROLLING_FILE.Append=true log4j.appender.ROLLING_FILE.MaxFileSize=10KB log4j.appender.ROLLING_FILE.MaxBackupIndex=1 log4j.appender.ROLLING_FILE.layout=org.apache.log4j.PatternLayout log4j.appender.ROLLING_FILE.layout.ConversionPattern=[framework] 2020-07-23 22:05:06,406 - org.apache.ibatis.datasource.pooled.PooledDataSource -19   [main] DEBUG org.apache.ibatis.datasource.pooled.PooledDataSource  - PooledDataSource forcefully closed/removed all connections.
2020-07-23 22:05:06  [ main:20 ] - [ DEBUG ]  PooledDataSource forcefully closed/removed all connections.
2020-07-23 22:05:06  [ main:20 ] - [ DEBUG ]  PooledDataSource forcefully closed/removed all connections.
### 配置输出到文件，且大小到达指定尺寸的时候产生一个新的文件 ###log4j.appender.ROLLING_FILE=org.apache.log4j.RollingFileAppender log4j.appender.ROLLING_FILE.Threshold=ERROR log4j.appender.ROLLING_FILE.File=rolling.log log4j.appender.ROLLING_FILE.Append=true log4j.appender.ROLLING_FILE.MaxFileSize=10KB log4j.appender.ROLLING_FILE.MaxBackupIndex=1 log4j.appender.ROLLING_FILE.layout=org.apache.log4j.PatternLayout log4j.appender.ROLLING_FILE.layout.ConversionPattern=[framework] 2020-07-23 22:05:06,407 - org.apache.ibatis.datasource.pooled.PooledDataSource -20   [main] DEBUG org.apache.ibatis.datasource.pooled.PooledDataSource  - PooledDataSource forcefully closed/removed all connections.
2020-07-23 22:05:06  [ main:84 ] - [ DEBUG ]  Opening JDBC Connection
2020-07-23 22:05:06  [ main:84 ] - [ DEBUG ]  Opening JDBC Connection
### 配置输出到文件，且大小到达指定尺寸的时候产生一个新的文件 ###log4j.appender.ROLLING_FILE=org.apache.log4j.RollingFileAppender log4j.appender.ROLLING_FILE.Threshold=ERROR log4j.appender.ROLLING_FILE.File=rolling.log log4j.appender.ROLLING_FILE.Append=true log4j.appender.ROLLING_FILE.MaxFileSize=10KB log4j.appender.ROLLING_FILE.MaxBackupIndex=1 log4j.appender.ROLLING_FILE.layout=org.apache.log4j.PatternLayout log4j.appender.ROLLING_FILE.layout.ConversionPattern=[framework] 2020-07-23 22:05:06,471 - org.apache.ibatis.transaction.jdbc.JdbcTransaction -84   [main] DEBUG org.apache.ibatis.transaction.jdbc.JdbcTransaction  - Opening JDBC Connection
2020-07-23 22:05:06  [ main:492 ] - [ DEBUG ]  Created connection 440737101.
2020-07-23 22:05:06  [ main:492 ] - [ DEBUG ]  Created connection 440737101.
### 配置输出到文件，且大小到达指定尺寸的时候产生一个新的文件 ###log4j.appender.ROLLING_FILE=org.apache.log4j.RollingFileAppender log4j.appender.ROLLING_FILE.Threshold=ERROR log4j.appender.ROLLING_FILE.File=rolling.log log4j.appender.ROLLING_FILE.Append=true log4j.appender.ROLLING_FILE.MaxFileSize=10KB log4j.appender.ROLLING_FILE.MaxBackupIndex=1 log4j.appender.ROLLING_FILE.layout=org.apache.log4j.PatternLayout log4j.appender.ROLLING_FILE.layout.ConversionPattern=[framework] 2020-07-23 22:05:06,879 - org.apache.ibatis.datasource.pooled.PooledDataSource -492  [main] DEBUG org.apache.ibatis.datasource.pooled.PooledDataSource  - Created connection 440737101.
2020-07-23 22:05:06  [ main:492 ] - [ DEBUG ]  Setting autocommit to false on JDBC Connection [com.mysql.jdbc.JDBC4Connection@1a451d4d]
2020-07-23 22:05:06  [ main:492 ] - [ DEBUG ]  Setting autocommit to false on JDBC Connection [com.mysql.jdbc.JDBC4Connection@1a451d4d]
### 配置输出到文件，且大小到达指定尺寸的时候产生一个新的文件 ###log4j.appender.ROLLING_FILE=org.apache.log4j.RollingFileAppender log4j.appender.ROLLING_FILE.Threshold=ERROR log4j.appender.ROLLING_FILE.File=rolling.log log4j.appender.ROLLING_FILE.Append=true log4j.appender.ROLLING_FILE.MaxFileSize=10KB log4j.appender.ROLLING_FILE.MaxBackupIndex=1 log4j.appender.ROLLING_FILE.layout=org.apache.log4j.PatternLayout log4j.appender.ROLLING_FILE.layout.ConversionPattern=[framework] 2020-07-23 22:05:06,879 - org.apache.ibatis.transaction.jdbc.JdbcTransaction -492  [main] DEBUG org.apache.ibatis.transaction.jdbc.JdbcTransaction  - Setting autocommit to false on JDBC Connection [com.mysql.jdbc.JDBC4Connection@1a451d4d]
2020-07-23 22:05:06  [ main:497 ] - [ DEBUG ]  ==>  Preparing: select * from user where id = ? 
2020-07-23 22:05:06  [ main:497 ] - [ DEBUG ]  ==>  Preparing: select * from user where id = ? 
### 配置输出到文件，且大小到达指定尺寸的时候产生一个新的文件 ###log4j.appender.ROLLING_FILE=org.apache.log4j.RollingFileAppender log4j.appender.ROLLING_FILE.Threshold=ERROR log4j.appender.ROLLING_FILE.File=rolling.log log4j.appender.ROLLING_FILE.Append=true log4j.appender.ROLLING_FILE.MaxFileSize=10KB log4j.appender.ROLLING_FILE.MaxBackupIndex=1 log4j.appender.ROLLING_FILE.layout=org.apache.log4j.PatternLayout log4j.appender.ROLLING_FILE.layout.ConversionPattern=[framework] 2020-07-23 22:05:06,884 - com.kuang.dao.UserMapper.getUserById -497  [main] DEBUG com.kuang.dao.UserMapper.getUserById  - ==>  Preparing: select * from user where id = ? 
2020-07-23 22:05:06  [ main:515 ] - [ DEBUG ]  ==> Parameters: 1(Integer)
2020-07-23 22:05:06  [ main:515 ] - [ DEBUG ]  ==> Parameters: 1(Integer)
### 配置输出到文件，且大小到达指定尺寸的时候产生一个新的文件 ###log4j.appender.ROLLING_FILE=org.apache.log4j.RollingFileAppender log4j.appender.ROLLING_FILE.Threshold=ERROR log4j.appender.ROLLING_FILE.File=rolling.log log4j.appender.ROLLING_FILE.Append=true log4j.appender.ROLLING_FILE.MaxFileSize=10KB log4j.appender.ROLLING_FILE.MaxBackupIndex=1 log4j.appender.ROLLING_FILE.layout=org.apache.log4j.PatternLayout log4j.appender.ROLLING_FILE.layout.ConversionPattern=[framework] 2020-07-23 22:05:06,902 - com.kuang.dao.UserMapper.getUserById -515  [main] DEBUG com.kuang.dao.UserMapper.getUserById  - ==> Parameters: 1(Integer)
2020-07-23 22:05:06  [ main:529 ] - [ DEBUG ]  <==      Total: 1
2020-07-23 22:05:06  [ main:529 ] - [ DEBUG ]  <==      Total: 1
### 配置输出到文件，且大小到达指定尺寸的时候产生一个新的文件 ###log4j.appender.ROLLING_FILE=org.apache.log4j.RollingFileAppender log4j.appender.ROLLING_FILE.Threshold=ERROR log4j.appender.ROLLING_FILE.File=rolling.log log4j.appender.ROLLING_FILE.Append=true log4j.appender.ROLLING_FILE.MaxFileSize=10KB log4j.appender.ROLLING_FILE.MaxBackupIndex=1 log4j.appender.ROLLING_FILE.layout=org.apache.log4j.PatternLayout log4j.appender.ROLLING_FILE.layout.ConversionPattern=[framework] 2020-07-23 22:05:06,916 - com.kuang.dao.UserMapper.getUserById -529  [main] DEBUG com.kuang.dao.UserMapper.getUserById  - <==      Total: 1
2020-07-23 22:05:06  [ main:529 ] - [ DEBUG ]  Resetting autocommit to true on JDBC Connection [com.mysql.jdbc.JDBC4Connection@1a451d4d]
2020-07-23 22:05:06  [ main:529 ] - [ DEBUG ]  Resetting autocommit to true on JDBC Connection [com.mysql.jdbc.JDBC4Connection@1a451d4d]
### 配置输出到文件，且大小到达指定尺寸的时候产生一个新的文件 ###log4j.appender.ROLLING_FILE=org.apache.log4j.RollingFileAppender log4j.appender.ROLLING_FILE.Threshold=ERROR log4j.appender.ROLLING_FILE.File=rolling.log log4j.appender.ROLLING_FILE.Append=true log4j.appender.ROLLING_FILE.MaxFileSize=10KB log4j.appender.ROLLING_FILE.MaxBackupIndex=1 log4j.appender.ROLLING_FILE.layout=org.apache.log4j.PatternLayout log4j.appender.ROLLING_FILE.layout.ConversionPattern=[framework] 2020-07-23 22:05:06,916 - org.apache.ibatis.transaction.jdbc.JdbcTransaction -529  [main] DEBUG org.apache.ibatis.transaction.jdbc.JdbcTransaction  - Resetting autocommit to true on JDBC Connection [com.mysql.jdbc.JDBC4Connection@1a451d4d]
2020-07-23 22:05:06  [ main:532 ] - [ DEBUG ]  Closing JDBC Connection [com.mysql.jdbc.JDBC4Connection@1a451d4d]
2020-07-23 22:05:06  [ main:532 ] - [ DEBUG ]  Closing JDBC Connection [com.mysql.jdbc.JDBC4Connection@1a451d4d]
### 配置输出到文件，且大小到达指定尺寸的时候产生一个新的文件 ###log4j.appender.ROLLING_FILE=org.apache.log4j.RollingFileAppender log4j.appender.ROLLING_FILE.Threshold=ERROR log4j.appender.ROLLING_FILE.File=rolling.log log4j.appender.ROLLING_FILE.Append=true log4j.appender.ROLLING_FILE.MaxFileSize=10KB log4j.appender.ROLLING_FILE.MaxBackupIndex=1 log4j.appender.ROLLING_FILE.layout=org.apache.log4j.PatternLayout log4j.appender.ROLLING_FILE.layout.ConversionPattern=[framework] 2020-07-23 22:05:06,919 - org.apache.ibatis.transaction.jdbc.JdbcTransaction -532  [main] DEBUG org.apache.ibatis.transaction.jdbc.JdbcTransaction  - Closing JDBC Connection [com.mysql.jdbc.JDBC4Connection@1a451d4d]
2020-07-23 22:05:06  [ main:532 ] - [ DEBUG ]  Returned connection 440737101 to pool.
2020-07-23 22:05:06  [ main:532 ] - [ DEBUG ]  Returned connection 440737101 to pool.
### 配置输出到文件，且大小到达指定尺寸的时候产生一个新的文件 ###log4j.appender.ROLLING_FILE=org.apache.log4j.RollingFileAppender log4j.appender.ROLLING_FILE.Threshold=ERROR log4j.appender.ROLLING_FILE.File=rolling.log log4j.appender.ROLLING_FILE.Append=true log4j.appender.ROLLING_FILE.MaxFileSize=10KB log4j.appender.ROLLING_FILE.MaxBackupIndex=1 log4j.appender.ROLLING_FILE.layout=org.apache.log4j.PatternLayout log4j.appender.ROLLING_FILE.layout.ConversionPattern=[framework] 2020-07-23 22:05:06,919 - org.apache.ibatis.datasource.pooled.PooledDataSource -532  [main] DEBUG org.apache.ibatis.datasource.pooled.PooledDataSource  - Returned connection 440737101 to pool.
